<?xml version="1.0" encoding="UTF-8"?>
<testsuite xmlns:xsi="http://www.w3.org/2001/XMLSchema-instance" xsi:noNamespaceSchemaLocation="https://maven.apache.org/surefire/maven-surefire-plugin/xsd/surefire-test-report.xsd" version="3.0.2" name="javaman.testApp.TestAppApplicationTests" time="7.105" tests="1" errors="0" skipped="0" failures="0">
  <properties>
[...]
</properties>
  <testcase name="contextLoads" classname="javaman.testApp.TestAppApplicationTests" time="0.378">
    <system-out><![CDATA[16:32:32.014 [main] INFO org.springframework.test.context.support.AnnotationConfigContextLoaderUtils -- Could not detect default configuration classes for test class [javaman.testApp.TestAppApplicationTests]: TestAppApplicationTests does not declare any static, non-private, non-final, nested classes annotated with @Configuration.
16:32:32.189 [main] INFO org.springframework.boot.test.context.SpringBootTestContextBootstrapper -- Found @SpringBootConfiguration javaman.testApp.POSApplication for test class javaman.testApp.TestAppApplicationTests
16:32:32.440 [main] INFO org.springframework.boot.devtools.restart.RestartApplicationListener -- Restart disabled due to context in which it is running

  .   ____          _            __ _ _
 /\\ / ___'_ __ _ _(_)_ __  __ _ \ \ \ \
( ( )\___ | '_ | '_| | '_ \/ _` | \ \ \ \
 \\/  ___)| |_)| | | | | || (_| |  ) ) ) )
  '  |____| .__|_| |_|_| |_\__, | / / / /
 =========|_|==============|___/=/_/_/_/

 :: Spring Boot ::                (v3.5.6)

2025-09-30T16:32:32.769+08:00  INFO 18684 --- [pos_system] [           main] j.testApp.TestAppApplicationTests        : Starting TestAppApplicationTests using Java 17.0.12 with PID 18684 (started by ALTOS-5 in C:\Users\ALTOS-5\Documents\vscode springboot app test 2025\tailadmin and springboot app template\pos_system)
2025-09-30T16:32:32.771+08:00  INFO 18684 --- [pos_system] [           main] j.testApp.TestAppApplicationTests        : No active profile set, falling back to 1 default profile: "default"
2025-09-30T16:32:33.668+08:00  INFO 18684 --- [pos_system] [           main] .s.d.r.c.RepositoryConfigurationDelegate : Bootstrapping Spring Data JPA repositories in DEFAULT mode.
2025-09-30T16:32:33.733+08:00  INFO 18684 --- [pos_system] [           main] .s.d.r.c.RepositoryConfigurationDelegate : Finished Spring Data repository scanning in 52 ms. Found 1 JPA repository interface.
2025-09-30T16:32:34.554+08:00  INFO 18684 --- [pos_system] [           main] o.hibernate.jpa.internal.util.LogHelper  : HHH000204: Processing PersistenceUnitInfo [name: default]
2025-09-30T16:32:34.623+08:00  INFO 18684 --- [pos_system] [           main] org.hibernate.Version                    : HHH000412: Hibernate ORM core version 6.6.29.Final
2025-09-30T16:32:34.660+08:00  INFO 18684 --- [pos_system] [           main] o.h.c.internal.RegionFactoryInitiator    : HHH000026: Second-level cache disabled
2025-09-30T16:32:35.142+08:00  INFO 18684 --- [pos_system] [           main] o.s.o.j.p.SpringPersistenceUnitInfo      : No LoadTimeWeaver setup: ignoring JPA class transformer
2025-09-30T16:32:35.191+08:00  INFO 18684 --- [pos_system] [           main] com.zaxxer.hikari.HikariDataSource       : HikariPool-1 - Starting...
2025-09-30T16:32:35.358+08:00  INFO 18684 --- [pos_system] [           main] com.zaxxer.hikari.pool.HikariPool        : HikariPool-1 - Added connection com.mysql.cj.jdbc.ConnectionImpl@574ebdaf
2025-09-30T16:32:35.360+08:00  INFO 18684 --- [pos_system] [           main] com.zaxxer.hikari.HikariDataSource       : HikariPool-1 - Start completed.
2025-09-30T16:32:35.411+08:00  WARN 18684 --- [pos_system] [           main] org.hibernate.dialect.Dialect            : HHH000511: The 5.5.5 version for [org.hibernate.dialect.MySQLDialect] is no longer supported, hence certain features may not work properly. The minimum supported version is 8.0.0. Check the community dialects project for available legacy versions.
2025-09-30T16:32:35.444+08:00  INFO 18684 --- [pos_system] [           main] org.hibernate.orm.connections.pooling    : HHH10001005: Database info:
	Database JDBC URL [Connecting through datasource 'HikariDataSource (HikariPool-1)']
	Database driver: undefined/unknown
	Database version: 5.5.5
	Autocommit mode: undefined/unknown
	Isolation level: undefined/unknown
	Minimum pool size: undefined/unknown
	Maximum pool size: undefined/unknown
2025-09-30T16:32:36.271+08:00  INFO 18684 --- [pos_system] [           main] o.h.e.t.j.p.i.JtaPlatformInitiator       : HHH000489: No JTA platform available (set 'hibernate.transaction.jta.platform' to enable JTA platform integration)
2025-09-30T16:32:36.324+08:00  INFO 18684 --- [pos_system] [           main] j.LocalContainerEntityManagerFactoryBean : Initialized JPA EntityManagerFactory for persistence unit 'default'
2025-09-30T16:32:36.996+08:00  WARN 18684 --- [pos_system] [           main] JpaBaseConfiguration$JpaWebConfiguration : spring.jpa.open-in-view is enabled by default. Therefore, database queries may be performed during view rendering. Explicitly configure spring.jpa.open-in-view to disable this warning
2025-09-30T16:32:37.102+08:00  INFO 18684 --- [pos_system] [           main] o.s.b.a.w.s.WelcomePageHandlerMapping    : Adding welcome page template: index
2025-09-30T16:32:37.754+08:00  INFO 18684 --- [pos_system] [           main] eAuthenticationProviderManagerConfigurer : Global AuthenticationManager configured with AuthenticationProvider bean with name authenticationProvider
2025-09-30T16:32:37.755+08:00  WARN 18684 --- [pos_system] [           main] r$InitializeUserDetailsManagerConfigurer : Global AuthenticationManager configured with an AuthenticationProvider bean. UserDetailsService beans will not be used by Spring Security for automatically configuring username/password login. Consider removing the AuthenticationProvider bean. Alternatively, consider using the UserDetailsService in a manually instantiated DaoAuthenticationProvider. If the current configuration is intentional, to turn off this warning, increase the logging level of 'org.springframework.security.config.annotation.authentication.configuration.InitializeUserDetailsBeanManagerConfigurer' to ERROR
2025-09-30T16:32:37.886+08:00  WARN 18684 --- [pos_system] [           main] thorizationManagerRequestMatcherRegistry : One of the patterns in [/login, /signup, tailadmin/**] is missing a leading slash. This is discouraged; please include the leading slash in all your request matcher patterns. In future versions of Spring Security, leaving out the leading slash will result in an exception.
2025-09-30T16:32:37.980+08:00 DEBUG 18684 --- [pos_system] [           main] o.s.s.web.DefaultSecurityFilterChain     : Will secure any request with filters: DisableEncodeUrlFilter, WebAsyncManagerIntegrationFilter, SecurityContextHolderFilter, HeaderWriterFilter, LogoutFilter, UsernamePasswordAuthenticationFilter, RequestCacheAwareFilter, SecurityContextHolderAwareRequestFilter, AnonymousAuthenticationFilter, ExceptionTranslationFilter, AuthorizationFilter
2025-09-30T16:32:38.528+08:00  INFO 18684 --- [pos_system] [           main] j.testApp.TestAppApplicationTests        : Started TestAppApplicationTests in 6.104 seconds (process running for 7.267)
]]></system-out>
  </testcase>
</testsuite>